Performing C SOURCE FILE Test CMAKE_HAVE_LIBC_PTHREAD failed with the following output:
Change Dir: /home/dewe/CLionProjects/Robosuite/cmake-build-release/CMakeFiles/CMakeTmp

Run Build Command(s):/usr/bin/make cmTC_95fcb/fast && /usr/bin/make  -f CMakeFiles/cmTC_95fcb.dir/build.make CMakeFiles/cmTC_95fcb.dir/build
make[1]: Entering directory '/home/dewe/CLionProjects/Robosuite/cmake-build-release/CMakeFiles/CMakeTmp'
Building C object CMakeFiles/cmTC_95fcb.dir/src.c.o
/usr/bin/cc -DCMAKE_HAVE_LIBC_PTHREAD   -o CMakeFiles/cmTC_95fcb.dir/src.c.o -c /home/dewe/CLionProjects/Robosuite/cmake-build-release/CMakeFiles/CMakeTmp/src.c
Linking C executable cmTC_95fcb
/snap/clion/151/bin/cmake/linux/bin/cmake -E cmake_link_script CMakeFiles/cmTC_95fcb.dir/link.txt --verbose=1
/usr/bin/cc CMakeFiles/cmTC_95fcb.dir/src.c.o -o cmTC_95fcb 
/usr/bin/ld: CMakeFiles/cmTC_95fcb.dir/src.c.o: in function `main':
src.c:(.text+0x46): undefined reference to `pthread_create'
/usr/bin/ld: src.c:(.text+0x52): undefined reference to `pthread_detach'
/usr/bin/ld: src.c:(.text+0x5e): undefined reference to `pthread_cancel'
/usr/bin/ld: src.c:(.text+0x6f): undefined reference to `pthread_join'
collect2: error: ld returned 1 exit status
make[1]: *** [CMakeFiles/cmTC_95fcb.dir/build.make:106: cmTC_95fcb] Error 1
make[1]: Leaving directory '/home/dewe/CLionProjects/Robosuite/cmake-build-release/CMakeFiles/CMakeTmp'
make: *** [Makefile:140: cmTC_95fcb/fast] Error 2


Source file was:
#include <pthread.h>

static void* test_func(void* data)
{
  return data;
}

int main(void)
{
  pthread_t thread;
  pthread_create(&thread, NULL, test_func, NULL);
  pthread_detach(thread);
  pthread_cancel(thread);
  pthread_join(thread, NULL);
  pthread_atfork(NULL, NULL, NULL);
  pthread_exit(NULL);

  return 0;
}

Determining if the function pthread_create exists in the pthreads failed with the following output:
Change Dir: /home/dewe/CLionProjects/Robosuite/cmake-build-release/CMakeFiles/CMakeTmp

Run Build Command(s):/usr/bin/make cmTC_86e6c/fast && /usr/bin/make  -f CMakeFiles/cmTC_86e6c.dir/build.make CMakeFiles/cmTC_86e6c.dir/build
make[1]: Entering directory '/home/dewe/CLionProjects/Robosuite/cmake-build-release/CMakeFiles/CMakeTmp'
Building C object CMakeFiles/cmTC_86e6c.dir/CheckFunctionExists.c.o
/usr/bin/cc   -DCHECK_FUNCTION_EXISTS=pthread_create -o CMakeFiles/cmTC_86e6c.dir/CheckFunctionExists.c.o -c /snap/clion/151/bin/cmake/linux/share/cmake-3.19/Modules/CheckFunctionExists.c
Linking C executable cmTC_86e6c
/snap/clion/151/bin/cmake/linux/bin/cmake -E cmake_link_script CMakeFiles/cmTC_86e6c.dir/link.txt --verbose=1
/usr/bin/cc  -DCHECK_FUNCTION_EXISTS=pthread_create CMakeFiles/cmTC_86e6c.dir/CheckFunctionExists.c.o -o cmTC_86e6c  -lpthreads 
/usr/bin/ld: cannot find -lpthreads
collect2: error: ld returned 1 exit status
make[1]: *** [CMakeFiles/cmTC_86e6c.dir/build.make:106: cmTC_86e6c] Error 1
make[1]: Leaving directory '/home/dewe/CLionProjects/Robosuite/cmake-build-release/CMakeFiles/CMakeTmp'
make: *** [Makefile:140: cmTC_86e6c/fast] Error 2



